<?xml version="1.0" encoding="UTF-8"?>
<testng-results ignored="0" total="1" passed="1" failed="0" skipped="0">
  <reporter-output>
  </reporter-output>
  <suite started-at="2024-05-19T15:01:00Z" name="Default suite" finished-at="2024-05-19T15:01:00Z" duration-ms="36">
    <groups>
    </groups>
    <test started-at="2024-05-19T15:01:00Z" name="Default test" finished-at="2024-05-19T15:01:00Z" duration-ms="36">
      <class name="qa.First">
        <test-method signature="test()[pri:0, instance:qa.First@6c4980d3]" started-at="2024-05-19T15:01:00Z" name="test" finished-at="2024-05-19T15:01:00Z" duration-ms="14" status="PASS">
          <reporter-output>
          </reporter-output>
        </test-method> <!-- test -->
      </class> <!-- qa.First -->
    </test> <!-- Default test -->
  </suite> <!-- Default suite -->
</testng-results>
